<?xml version="1.0" encoding="UTF-8"?>
<!-- Generated by org.testng.reporters.JUnitReportReporter -->
<testsuite hostname="STGIDT-NEW-154" failures="0" tests="1" name="testcases.AddProductsToCartTest" time="0.008" errors="0" timestamp="2022-02-16T13:35:36 IST" skipped="0">
  <testcase classname="testcases.AddProductsToCartTest" name="addToCart" time="0.008"/>
  <system-out/>
</testsuite> <!-- testcases.AddProductsToCartTest -->
