<?xml version="1.0" encoding="UTF-8"?>
<!-- Generated by org.testng.reporters.JUnitReportReporter -->
<testsuite hostname="STGIDT-NEW-154" failures="0" tests="4" name="testcases.CreateOrderTest" time="49.087" errors="0" timestamp="2022-03-01T19:23:22 IST" skipped="0">
  <testcase classname="testcases.CreateOrderTest" name="login" time="10.335"/>
  <system-out/>
  <testcase classname="testcases.CreateOrderTest" name="addToCart" time="16.658"/>
  <system-out/>
  <testcase classname="testcases.CreateOrderTest" name="checkout" time="16.766"/>
  <system-out/>
  <testcase classname="testcases.CreateOrderTest" name="logout" time="5.328"/>
  <system-out/>
</testsuite> <!-- testcases.CreateOrderTest -->
